<?xml version="1.0" encoding="UTF-8"?>
<!-- Generated by org.testng.reporters.JUnitReportReporter -->
<testsuite hostname="DESKTOP-2GD0FUF" failures="0" tests="1" name="task2.task2.AppTest" time="0.006" errors="0" timestamp="2024-04-05T15:18:52 IST" skipped="0">
  <testcase classname="task2.task2.AppTest" name="testApp" time="0.006"/>
</testsuite> <!-- task2.task2.AppTest -->
